# JRE version: 6.0_33-b33
# Java VM: OpenJDK 64-Bit Server VM (23.25-b01 mixed mode linux-amd64 compressed oops)
Heap
 PSYoungGen      total 28736K, used 21898K [0x00000000dbc00000, 0x00000000de200000, 0x0000000100000000)
  eden space 20352K, 89% used [0x00000000dbc00000,0x00000000dcdca940,0x00000000dcfe0000)
  from space 8384K, 43% used [0x00000000dd9d0000,0x00000000ddd68118,0x00000000de200000)
  to   space 9280K, 0% used [0x00000000dcfe0000,0x00000000dcfe0000,0x00000000dd8f0000)
 ParOldGen       total 74240K, used 13234K [0x0000000093400000, 0x0000000097c80000, 0x00000000dbc00000)
  object space 74240K, 17% used [0x0000000093400000,0x00000000940ec9f0,0x0000000097c80000)
 PSPermGen       total 43968K, used 19641K [0x0000000088e00000, 0x000000008b8f0000, 0x0000000093400000)
  object space 43968K, 44% used [0x0000000088e00000,0x000000008a12e528,0x000000008b8f0000)
GC Heap History (10 events):
Event: 874.275 GC heap before
{Heap before GC invocations=10 (full 2):
 PSYoungGen      total 31552K, used 996K [0x00000000dbc00000, 0x00000000de470000, 0x0000000100000000)
  eden space 22080K, 0% used [0x00000000dbc00000,0x00000000dbc00000,0x00000000dd190000)
  from space 9472K, 10% used [0x00000000ddb30000,0x00000000ddc29020,0x00000000de470000)
  to   space 9664K, 0% used [0x00000000dd190000,0x00000000dd190000,0x00000000ddb00000)
 ParOldGen       total 74240K, used 10516K [0x0000000093400000, 0x0000000097c80000, 0x00000000dbc00000)
  object space 74240K, 14% used [0x0000000093400000,0x0000000093e45058,0x0000000097c80000)
 PSPermGen       total 39232K, used 19562K [0x0000000088e00000, 0x000000008b450000, 0x0000000093400000)
  object space 39232K, 49% used [0x0000000088e00000,0x000000008a11aaa8,0x000000008b450000)
Event: 874.313 GC heap after
Heap after GC invocations=10 (full 2):
 PSYoungGen      total 31552K, used 0K [0x00000000dbc00000, 0x00000000de470000, 0x0000000100000000)
  eden space 22080K, 0% used [0x00000000dbc00000,0x00000000dbc00000,0x00000000dd190000)
  from space 9472K, 0% used [0x00000000ddb30000,0x00000000ddb30000,0x00000000de470000)
  to   space 9664K, 0% used [0x00000000dd190000,0x00000000dd190000,0x00000000ddb00000)
 ParOldGen       total 74240K, used 10463K [0x0000000093400000, 0x0000000097c80000, 0x00000000dbc00000)
  object space 74240K, 14% used [0x0000000093400000,0x0000000093e37c48,0x0000000097c80000)
 PSPermGen       total 43968K, used 19562K [0x0000000088e00000, 0x000000008b8f0000, 0x0000000093400000)
  object space 43968K, 44% used [0x0000000088e00000,0x000000008a11a868,0x000000008b8f0000)
}
Event: 883.074 GC heap before
{Heap before GC invocations=11 (full 2):
 PSYoungGen      total 31552K, used 22076K [0x00000000dbc00000, 0x00000000de470000, 0x0000000100000000)
  eden space 22080K, 99% used [0x00000000dbc00000,0x00000000dd18f060,0x00000000dd190000)
  from space 9472K, 0% used [0x00000000ddb30000,0x00000000ddb30000,0x00000000de470000)
  to   space 9664K, 0% used [0x00000000dd190000,0x00000000dd190000,0x00000000ddb00000)
 ParOldGen       total 74240K, used 10463K [0x0000000093400000, 0x0000000097c80000, 0x00000000dbc00000)
  object space 74240K, 14% used [0x0000000093400000,0x0000000093e37c48,0x0000000097c80000)
 PSPermGen       total 43968K, used 19566K [0x0000000088e00000, 0x000000008b8f0000, 0x0000000093400000)
  object space 43968K, 44% used [0x0000000088e00000,0x000000008a11bad0,0x000000008b8f0000)
Event: 883.075 GC heap after
Heap after GC invocations=11 (full 2):
 PSYoungGen      total 21824K, used 192K [0x00000000dbc00000, 0x00000000de3e0000, 0x0000000100000000)
  eden space 21632K, 0% used [0x00000000dbc00000,0x00000000dbc00000,0x00000000dd120000)
  from space 192K, 100% used [0x00000000dd190000,0x00000000dd1c0000,0x00000000dd1c0000)
  to   space 9600K, 0% used [0x00000000dda80000,0x00000000dda80000,0x00000000de3e0000)
 ParOldGen       total 74240K, used 10463K [0x0000000093400000, 0x0000000097c80000, 0x00000000dbc00000)
  object space 74240K, 14% used [0x0000000093400000,0x0000000093e37c48,0x0000000097c80000)
 PSPermGen       total 43968K, used 19566K [0x0000000088e00000, 0x000000008b8f0000, 0x0000000093400000)
  object space 43968K, 44% used [0x0000000088e00000,0x000000008a11bad0,0x000000008b8f0000)
}
Event: 1119.407 GC heap before
{Heap before GC invocations=12 (full 2):
 PSYoungGen      total 21824K, used 21824K [0x00000000dbc00000, 0x00000000de3e0000, 0x0000000100000000)
  eden space 21632K, 100% used [0x00000000dbc00000,0x00000000dd120000,0x00000000dd120000)
  from space 192K, 100% used [0x00000000dd190000,0x00000000dd1c0000,0x00000000dd1c0000)
  to   space 9600K, 0% used [0x00000000dda80000,0x00000000dda80000,0x00000000de3e0000)
 ParOldGen       total 74240K, used 10463K [0x0000000093400000, 0x0000000097c80000, 0x00000000dbc00000)
  object space 74240K, 14% used [0x0000000093400000,0x0000000093e37c48,0x0000000097c80000)
 PSPermGen       total 43968K, used 19598K [0x0000000088e00000, 0x000000008b8f0000, 0x0000000093400000)
  object space 43968K, 44% used [0x0000000088e00000,0x000000008a1238b8,0x000000008b8f0000)
Event: 1119.409 GC heap after
Heap after GC invocations=12 (full 2):
 PSYoungGen      total 29440K, used 2062K [0x00000000dbc00000, 0x00000000de290000, 0x0000000100000000)
  eden space 21184K, 0% used [0x00000000dbc00000,0x00000000dbc00000,0x00000000dd0b0000)
  from space 8256K, 24% used [0x00000000dda80000,0x00000000ddc83868,0x00000000de290000)
  to   space 9152K, 0% used [0x00000000dd0b0000,0x00000000dd0b0000,0x00000000dd9a0000)
 ParOldGen       total 74240K, used 10463K [0x0000000093400000, 0x0000000097c80000, 0x00000000dbc00000)
  object space 74240K, 14% used [0x0000000093400000,0x0000000093e37c48,0x0000000097c80000)
 PSPermGen       total 43968K, used 19598K [0x0000000088e00000, 0x000000008b8f0000, 0x0000000093400000)
  object space 43968K, 44% used [0x0000000088e00000,0x000000008a1238b8,0x000000008b8f0000)
}
Event: 1127.577 GC heap before
{Heap before GC invocations=13 (full 2):
 PSYoungGen      total 29440K, used 23230K [0x00000000dbc00000, 0x00000000de290000, 0x0000000100000000)
  eden space 21184K, 99% used [0x00000000dbc00000,0x00000000dd0ac2a8,0x00000000dd0b0000)
  from space 8256K, 24% used [0x00000000dda80000,0x00000000ddc83868,0x00000000de290000)
  to   space 9152K, 0% used [0x00000000dd0b0000,0x00000000dd0b0000,0x00000000dd9a0000)
 ParOldGen       total 74240K, used 10463K [0x0000000093400000, 0x0000000097c80000, 0x00000000dbc00000)
  object space 74240K, 14% used [0x0000000093400000,0x0000000093e37c48,0x0000000097c80000)
 PSPermGen       total 43968K, used 19606K [0x0000000088e00000, 0x000000008b8f0000, 0x0000000093400000)
  object space 43968K, 44% used [0x0000000088e00000,0x000000008a125b88,0x000000008b8f0000)
Event: 1127.578 GC heap after
Heap after GC invocations=13 (full 2):
 PSYoungGen      total 29888K, used 6370K [0x00000000dbc00000, 0x00000000de360000, 0x0000000100000000)
  eden space 20736K, 0% used [0x00000000dbc00000,0x00000000dbc00000,0x00000000dd040000)
  from space 9152K, 69% used [0x00000000dd0b0000,0x00000000dd6e8858,0x00000000dd9a0000)
  to   space 9792K, 0% used [0x00000000dd9d0000,0x00000000dd9d0000,0x00000000de360000)
 ParOldGen       total 74240K, used 10535K [0x0000000093400000, 0x0000000097c80000, 0x00000000dbc00000)
  object space 74240K, 14% used [0x0000000093400000,0x0000000093e49c48,0x0000000097c80000)
 PSPermGen       total 43968K, used 19606K [0x0000000088e00000, 0x000000008b8f0000, 0x0000000093400000)
  object space 43968K, 44% used [0x0000000088e00000,0x000000008a125b88,0x000000008b8f0000)
}
Event: 1128.772 GC heap before
{Heap before GC invocations=14 (full 2):
 PSYoungGen      total 29888K, used 27106K [0x00000000dbc00000, 0x00000000de360000, 0x0000000100000000)
  eden space 20736K, 100% used [0x00000000dbc00000,0x00000000dd040000,0x00000000dd040000)
  from space 9152K, 69% used [0x00000000dd0b0000,0x00000000dd6e8858,0x00000000dd9a0000)
  to   space 9792K, 0% used [0x00000000dd9d0000,0x00000000dd9d0000,0x00000000de360000)
 ParOldGen       total 74240K, used 10535K [0x0000000093400000, 0x0000000097c80000, 0x00000000dbc00000)
  object space 74240K, 14% used [0x0000000093400000,0x0000000093e49c48,0x0000000097c80000)
 PSPermGen       total 43968K, used 19621K [0x0000000088e00000, 0x000000008b8f0000, 0x0000000093400000)
  object space 43968K, 44% used [0x0000000088e00000,0x000000008a129768,0x000000008b8f0000)
Event: 1128.774 GC heap after
Heap after GC invocations=14 (full 2):
 PSYoungGen      total 28736K, used 3680K [0x00000000dbc00000, 0x00000000de200000, 0x0000000100000000)
  eden space 20352K, 0% used [0x00000000dbc00000,0x00000000dbc00000,0x00000000dcfe0000)
  from space 8384K, 43% used [0x00000000dd9d0000,0x00000000ddd68118,0x00000000de200000)
  to   space 9280K, 0% used [0x00000000dcfe0000,0x00000000dcfe0000,0x00000000dd8f0000)
 ParOldGen       total 74240K, used 13234K [0x0000000093400000, 0x0000000097c80000, 0x00000000dbc00000)
  object space 74240K, 17% used [0x0000000093400000,0x00000000940ec9f0,0x0000000097c80000)
 PSPermGen       total 43968K, used 19621K [0x0000000088e00000, 0x000000008b8f0000, 0x0000000093400000)
  object space 43968K, 44% used [0x0000000088e00000,0x000000008a129768,0x000000008b8f0000)
}

