# JRE version: 6.0_32-b32
# Java VM: OpenJDK 64-Bit Server VM (23.25-b01 mixed mode linux-amd64 compressed oops)
Heap
 PSYoungGen      total 26304K, used 24622K [0x00000000dbc00000, 0x00000000de0e0000, 0x0000000100000000)
  eden space 25088K, 93% used [0x00000000dbc00000,0x00000000dd2e2468,0x00000000dd480000)
  from space 1216K, 97% used [0x00000000dd510000,0x00000000dd6394f0,0x00000000dd640000)
  to   space 6336K, 0% used [0x00000000ddab0000,0x00000000ddab0000,0x00000000de0e0000)
 ParOldGen       total 74240K, used 13472K [0x0000000093400000, 0x0000000097c80000, 0x00000000dbc00000)
  object space 74240K, 18% used [0x0000000093400000,0x00000000941281b0,0x0000000097c80000)
 PSPermGen       total 29120K, used 20208K [0x0000000088e00000, 0x000000008aa70000, 0x0000000093400000)
  object space 29120K, 69% used [0x0000000088e00000,0x000000008a1bc300,0x000000008aa70000)
GC Heap History (10 events):
Event: 1043.634 GC heap before
{Heap before GC invocations=24 (full 10):
 PSYoungGen      total 32448K, used 27840K [0x00000000dbc00000, 0x00000000de030000, 0x0000000100000000)
  eden space 27840K, 100% used [0x00000000dbc00000,0x00000000dd730000,0x00000000dd730000)
  from space 4608K, 0% used [0x00000000dd730000,0x00000000dd730000,0x00000000ddbb0000)
  to   space 4608K, 0% used [0x00000000ddbb0000,0x00000000ddbb0000,0x00000000de030000)
 ParOldGen       total 74240K, used 13438K [0x0000000093400000, 0x0000000097c80000, 0x00000000dbc00000)
  object space 74240K, 18% used [0x0000000093400000,0x000000009411fb78,0x0000000097c80000)
 PSPermGen       total 30208K, used 19973K [0x0000000088e00000, 0x000000008ab80000, 0x0000000093400000)
  object space 30208K, 66% used [0x0000000088e00000,0x000000008a1817a0,0x000000008ab80000)
Event: 1043.635 GC heap after
Heap after GC invocations=24 (full 10):
 PSYoungGen      total 32448K, used 192K [0x00000000dbc00000, 0x00000000de030000, 0x0000000100000000)
  eden space 27840K, 0% used [0x00000000dbc00000,0x00000000dbc00000,0x00000000dd730000)
  from space 4608K, 4% used [0x00000000ddbb0000,0x00000000ddbe0000,0x00000000de030000)
  to   space 4608K, 0% used [0x00000000dd730000,0x00000000dd730000,0x00000000ddbb0000)
 ParOldGen       total 74240K, used 13438K [0x0000000093400000, 0x0000000097c80000, 0x00000000dbc00000)
  object space 74240K, 18% used [0x0000000093400000,0x000000009411fb78,0x0000000097c80000)
 PSPermGen       total 30208K, used 19973K [0x0000000088e00000, 0x000000008ab80000, 0x0000000093400000)
  object space 30208K, 66% used [0x0000000088e00000,0x000000008a1817a0,0x000000008ab80000)
}
Event: 1267.678 GC heap before
{Heap before GC invocations=25 (full 10):
 PSYoungGen      total 32448K, used 5086K [0x00000000dbc00000, 0x00000000de030000, 0x0000000100000000)
  eden space 27840K, 17% used [0x00000000dbc00000,0x00000000dc0c7990,0x00000000dd730000)
  from space 4608K, 4% used [0x00000000ddbb0000,0x00000000ddbe0000,0x00000000de030000)
  to   space 4608K, 0% used [0x00000000dd730000,0x00000000dd730000,0x00000000ddbb0000)
 ParOldGen       total 74240K, used 13438K [0x0000000093400000, 0x0000000097c80000, 0x00000000dbc00000)
  object space 74240K, 18% used [0x0000000093400000,0x000000009411fb78,0x0000000097c80000)
 PSPermGen       total 30208K, used 19986K [0x0000000088e00000, 0x000000008ab80000, 0x0000000093400000)
  object space 30208K, 66% used [0x0000000088e00000,0x000000008a184ad0,0x000000008ab80000)
Event: 1267.679 GC heap after
Heap after GC invocations=25 (full 10):
 PSYoungGen      total 32448K, used 323K [0x00000000dbc00000, 0x00000000de030000, 0x0000000100000000)
  eden space 27840K, 0% used [0x00000000dbc00000,0x00000000dbc00000,0x00000000dd730000)
  from space 4608K, 7% used [0x00000000dd730000,0x00000000dd780ca0,0x00000000ddbb0000)
  to   space 4608K, 0% used [0x00000000ddbb0000,0x00000000ddbb0000,0x00000000de030000)
 ParOldGen       total 74240K, used 13438K [0x0000000093400000, 0x0000000097c80000, 0x00000000dbc00000)
  object space 74240K, 18% used [0x0000000093400000,0x000000009411fb78,0x0000000097c80000)
 PSPermGen       total 30208K, used 19986K [0x0000000088e00000, 0x000000008ab80000, 0x0000000093400000)
  object space 30208K, 66% used [0x0000000088e00000,0x000000008a184ad0,0x000000008ab80000)
}
Event: 1267.679 GC heap before
{Heap before GC invocations=26 (full 11):
 PSYoungGen      total 32448K, used 323K [0x00000000dbc00000, 0x00000000de030000, 0x0000000100000000)
  eden space 27840K, 0% used [0x00000000dbc00000,0x00000000dbc00000,0x00000000dd730000)
  from space 4608K, 7% used [0x00000000dd730000,0x00000000dd780ca0,0x00000000ddbb0000)
  to   space 4608K, 0% used [0x00000000ddbb0000,0x00000000ddbb0000,0x00000000de030000)
 ParOldGen       total 74240K, used 13438K [0x0000000093400000, 0x0000000097c80000, 0x00000000dbc00000)
  object space 74240K, 18% used [0x0000000093400000,0x000000009411fb78,0x0000000097c80000)
 PSPermGen       total 30208K, used 19986K [0x0000000088e00000, 0x000000008ab80000, 0x0000000093400000)
  object space 30208K, 66% used [0x0000000088e00000,0x000000008a184ad0,0x000000008ab80000)
Event: 1267.712 GC heap after
Heap after GC invocations=26 (full 11):
 PSYoungGen      total 32448K, used 0K [0x00000000dbc00000, 0x00000000de030000, 0x0000000100000000)
  eden space 27840K, 0% used [0x00000000dbc00000,0x00000000dbc00000,0x00000000dd730000)
  from space 4608K, 0% used [0x00000000dd730000,0x00000000dd730000,0x00000000ddbb0000)
  to   space 4608K, 0% used [0x00000000ddbb0000,0x00000000ddbb0000,0x00000000de030000)
 ParOldGen       total 74240K, used 13472K [0x0000000093400000, 0x0000000097c80000, 0x00000000dbc00000)
  object space 74240K, 18% used [0x0000000093400000,0x00000000941281b0,0x0000000097c80000)
 PSPermGen       total 29120K, used 19986K [0x0000000088e00000, 0x000000008aa70000, 0x0000000093400000)
  object space 29120K, 68% used [0x0000000088e00000,0x000000008a184a90,0x000000008aa70000)
}
Event: 1276.391 GC heap before
{Heap before GC invocations=27 (full 11):
 PSYoungGen      total 32448K, used 27840K [0x00000000dbc00000, 0x00000000de030000, 0x0000000100000000)
  eden space 27840K, 100% used [0x00000000dbc00000,0x00000000dd730000,0x00000000dd730000)
  from space 4608K, 0% used [0x00000000dd730000,0x00000000dd730000,0x00000000ddbb0000)
  to   space 4608K, 0% used [0x00000000ddbb0000,0x00000000ddbb0000,0x00000000de030000)
 ParOldGen       total 74240K, used 13472K [0x0000000093400000, 0x0000000097c80000, 0x00000000dbc00000)
  object space 74240K, 18% used [0x0000000093400000,0x00000000941281b0,0x0000000097c80000)
 PSPermGen       total 29120K, used 19988K [0x0000000088e00000, 0x000000008aa70000, 0x0000000093400000)
  object space 29120K, 68% used [0x0000000088e00000,0x000000008a185310,0x000000008aa70000)
Event: 1276.404 GC heap after
Heap after GC invocations=27 (full 11):
 PSYoungGen      total 30272K, used 160K [0x00000000dbc00000, 0x00000000de3d0000, 0x0000000100000000)
  eden space 25664K, 0% used [0x00000000dbc00000,0x00000000dbc00000,0x00000000dd510000)
  from space 4608K, 3% used [0x00000000ddbb0000,0x00000000ddbd8000,0x00000000de030000)
  to   space 6784K, 0% used [0x00000000dd510000,0x00000000dd510000,0x00000000ddbb0000)
 ParOldGen       total 74240K, used 13472K [0x0000000093400000, 0x0000000097c80000, 0x00000000dbc00000)
  object space 74240K, 18% used [0x0000000093400000,0x00000000941281b0,0x0000000097c80000)
 PSPermGen       total 29120K, used 19988K [0x0000000088e00000, 0x000000008aa70000, 0x0000000093400000)
  object space 29120K, 68% used [0x0000000088e00000,0x000000008a185310,0x000000008aa70000)
}
Event: 2434.600 GC heap before
{Heap before GC invocations=28 (full 11):
 PSYoungGen      total 30272K, used 25823K [0x00000000dbc00000, 0x00000000de3d0000, 0x0000000100000000)
  eden space 25664K, 99% used [0x00000000dbc00000,0x00000000dd50ffe8,0x00000000dd510000)
  from space 4608K, 3% used [0x00000000ddbb0000,0x00000000ddbd8000,0x00000000de030000)
  to   space 6784K, 0% used [0x00000000dd510000,0x00000000dd510000,0x00000000ddbb0000)
 ParOldGen       total 74240K, used 13472K [0x0000000093400000, 0x0000000097c80000, 0x00000000dbc00000)
  object space 74240K, 18% used [0x0000000093400000,0x00000000941281b0,0x0000000097c80000)
 PSPermGen       total 29120K, used 20017K [0x0000000088e00000, 0x000000008aa70000, 0x0000000093400000)
  object space 29120K, 68% used [0x0000000088e00000,0x000000008a18c670,0x000000008aa70000)
Event: 2434.602 GC heap after
Heap after GC invocations=28 (full 11):
 PSYoungGen      total 26304K, used 1189K [0x00000000dbc00000, 0x00000000de0e0000, 0x0000000100000000)
  eden space 25088K, 0% used [0x00000000dbc00000,0x00000000dbc00000,0x00000000dd480000)
  from space 1216K, 97% used [0x00000000dd510000,0x00000000dd6394f0,0x00000000dd640000)
  to   space 6336K, 0% used [0x00000000ddab0000,0x00000000ddab0000,0x00000000de0e0000)
 ParOldGen       total 74240K, used 13472K [0x0000000093400000, 0x0000000097c80000, 0x00000000dbc00000)
  object space 74240K, 18% used [0x0000000093400000,0x00000000941281b0,0x0000000097c80000)
 PSPermGen       total 29120K, used 20017K [0x0000000088e00000, 0x000000008aa70000, 0x0000000093400000)
  object space 29120K, 68% used [0x0000000088e00000,0x000000008a18c670,0x000000008aa70000)
}

