# JRE version: 6.0_33-b33
# Java VM: OpenJDK 64-Bit Server VM (23.25-b01 mixed mode linux-amd64 compressed oops)
Heap
 PSYoungGen      total 36096K, used 27566K [0x00000000dbc00000, 0x00000000decd0000, 0x0000000100000000)
  eden space 25792K, 72% used [0x00000000dbc00000,0x00000000dce616c0,0x00000000dd530000)
  from space 10304K, 84% used [0x00000000de0a0000,0x00000000de92a530,0x00000000deab0000)
  to   space 11712K, 0% used [0x00000000dd530000,0x00000000dd530000,0x00000000de0a0000)
 ParOldGen       total 74240K, used 9933K [0x0000000093400000, 0x0000000097c80000, 0x00000000dbc00000)
  object space 74240K, 13% used [0x0000000093400000,0x0000000093db3688,0x0000000097c80000)
 PSPermGen       total 42816K, used 19778K [0x0000000088e00000, 0x000000008b7d0000, 0x0000000093400000)
  object space 42816K, 46% used [0x0000000088e00000,0x000000008a150b08,0x000000008b7d0000)
GC Heap History (10 events):
Event: 81.373 GC heap before
{Heap before GC invocations=6 (full 1):
 PSYoungGen      total 32448K, used 28644K [0x00000000dbc00000, 0x00000000de030000, 0x0000000100000000)
  eden space 27840K, 100% used [0x00000000dbc00000,0x00000000dd730000,0x00000000dd730000)
  from space 4608K, 17% used [0x00000000ddbb0000,0x00000000ddc793e0,0x00000000de030000)
  to   space 4608K, 0% used [0x00000000dd730000,0x00000000dd730000,0x00000000ddbb0000)
 ParOldGen       total 74240K, used 9161K [0x0000000093400000, 0x0000000097c80000, 0x00000000dbc00000)
  object space 74240K, 12% used [0x0000000093400000,0x0000000093cf2628,0x0000000097c80000)
 PSPermGen       total 37696K, used 18824K [0x0000000088e00000, 0x000000008b2d0000, 0x0000000093400000)
  object space 37696K, 49% used [0x0000000088e00000,0x000000008a062218,0x000000008b2d0000)
Event: 81.374 GC heap after
Heap after GC invocations=6 (full 1):
 PSYoungGen      total 32448K, used 648K [0x00000000dbc00000, 0x00000000de030000, 0x0000000100000000)
  eden space 27840K, 0% used [0x00000000dbc00000,0x00000000dbc00000,0x00000000dd730000)
  from space 4608K, 14% used [0x00000000dd730000,0x00000000dd7d23c8,0x00000000ddbb0000)
  to   space 4608K, 0% used [0x00000000ddbb0000,0x00000000ddbb0000,0x00000000de030000)
 ParOldGen       total 74240K, used 9161K [0x0000000093400000, 0x0000000097c80000, 0x00000000dbc00000)
  object space 74240K, 12% used [0x0000000093400000,0x0000000093cf2628,0x0000000097c80000)
 PSPermGen       total 37696K, used 18824K [0x0000000088e00000, 0x000000008b2d0000, 0x0000000093400000)
  object space 37696K, 49% used [0x0000000088e00000,0x000000008a062218,0x000000008b2d0000)
}
Event: 980.002 GC heap before
{Heap before GC invocations=7 (full 1):
 PSYoungGen      total 32448K, used 6044K [0x00000000dbc00000, 0x00000000de030000, 0x0000000100000000)
  eden space 27840K, 19% used [0x00000000dbc00000,0x00000000dc144e50,0x00000000dd730000)
  from space 4608K, 14% used [0x00000000dd730000,0x00000000dd7d23c8,0x00000000ddbb0000)
  to   space 4608K, 0% used [0x00000000ddbb0000,0x00000000ddbb0000,0x00000000de030000)
 ParOldGen       total 74240K, used 9161K [0x0000000093400000, 0x0000000097c80000, 0x00000000dbc00000)
  object space 74240K, 12% used [0x0000000093400000,0x0000000093cf2628,0x0000000097c80000)
 PSPermGen       total 37696K, used 18937K [0x0000000088e00000, 0x000000008b2d0000, 0x0000000093400000)
  object space 37696K, 50% used [0x0000000088e00000,0x000000008a07e7f8,0x000000008b2d0000)
Event: 980.003 GC heap after
Heap after GC invocations=7 (full 1):
 PSYoungGen      total 32448K, used 412K [0x00000000dbc00000, 0x00000000de030000, 0x0000000100000000)
  eden space 27840K, 0% used [0x00000000dbc00000,0x00000000dbc00000,0x00000000dd730000)
  from space 4608K, 8% used [0x00000000ddbb0000,0x00000000ddc173a0,0x00000000de030000)
  to   space 4608K, 0% used [0x00000000dd730000,0x00000000dd730000,0x00000000ddbb0000)
 ParOldGen       total 74240K, used 9161K [0x0000000093400000, 0x0000000097c80000, 0x00000000dbc00000)
  object space 74240K, 12% used [0x0000000093400000,0x0000000093cf2628,0x0000000097c80000)
 PSPermGen       total 37696K, used 18937K [0x0000000088e00000, 0x000000008b2d0000, 0x0000000093400000)
  object space 37696K, 50% used [0x0000000088e00000,0x000000008a07e7f8,0x000000008b2d0000)
}
Event: 980.003 GC heap before
{Heap before GC invocations=8 (full 2):
 PSYoungGen      total 32448K, used 412K [0x00000000dbc00000, 0x00000000de030000, 0x0000000100000000)
  eden space 27840K, 0% used [0x00000000dbc00000,0x00000000dbc00000,0x00000000dd730000)
  from space 4608K, 8% used [0x00000000ddbb0000,0x00000000ddc173a0,0x00000000de030000)
  to   space 4608K, 0% used [0x00000000dd730000,0x00000000dd730000,0x00000000ddbb0000)
 ParOldGen       total 74240K, used 9161K [0x0000000093400000, 0x0000000097c80000, 0x00000000dbc00000)
  object space 74240K, 12% used [0x0000000093400000,0x0000000093cf2628,0x0000000097c80000)
 PSPermGen       total 37696K, used 18937K [0x0000000088e00000, 0x000000008b2d0000, 0x0000000093400000)
  object space 37696K, 50% used [0x0000000088e00000,0x000000008a07e7f8,0x000000008b2d0000)
Event: 980.027 GC heap after
Heap after GC invocations=8 (full 2):
 PSYoungGen      total 32448K, used 0K [0x00000000dbc00000, 0x00000000de030000, 0x0000000100000000)
  eden space 27840K, 0% used [0x00000000dbc00000,0x00000000dbc00000,0x00000000dd730000)
  from space 4608K, 0% used [0x00000000ddbb0000,0x00000000ddbb0000,0x00000000de030000)
  to   space 4608K, 0% used [0x00000000dd730000,0x00000000dd730000,0x00000000ddbb0000)
 ParOldGen       total 74240K, used 9456K [0x0000000093400000, 0x0000000097c80000, 0x00000000dbc00000)
  object space 74240K, 12% used [0x0000000093400000,0x0000000093d3c3e0,0x0000000097c80000)
 PSPermGen       total 42816K, used 18937K [0x0000000088e00000, 0x000000008b7d0000, 0x0000000093400000)
  object space 42816K, 44% used [0x0000000088e00000,0x000000008a07e6b8,0x000000008b7d0000)
}
Event: 1033.919 GC heap before
{Heap before GC invocations=9 (full 2):
 PSYoungGen      total 32448K, used 27840K [0x00000000dbc00000, 0x00000000de030000, 0x0000000100000000)
  eden space 27840K, 100% used [0x00000000dbc00000,0x00000000dd730000,0x00000000dd730000)
  from space 4608K, 0% used [0x00000000ddbb0000,0x00000000ddbb0000,0x00000000de030000)
  to   space 4608K, 0% used [0x00000000dd730000,0x00000000dd730000,0x00000000ddbb0000)
 ParOldGen       total 74240K, used 9456K [0x0000000093400000, 0x0000000097c80000, 0x00000000dbc00000)
  object space 74240K, 12% used [0x0000000093400000,0x0000000093d3c3e0,0x0000000097c80000)
 PSPermGen       total 42816K, used 19372K [0x0000000088e00000, 0x000000008b7d0000, 0x0000000093400000)
  object space 42816K, 45% used [0x0000000088e00000,0x000000008a0eb348,0x000000008b7d0000)
Event: 1033.921 GC heap after
Heap after GC invocations=9 (full 2):
 PSYoungGen      total 31808K, used 4604K [0x00000000dbc00000, 0x00000000deab0000, 0x0000000100000000)
  eden space 27200K, 0% used [0x00000000dbc00000,0x00000000dbc00000,0x00000000dd690000)
  from space 4608K, 99% used [0x00000000dd730000,0x00000000ddbaf2e8,0x00000000ddbb0000)
  to   space 10304K, 0% used [0x00000000de0a0000,0x00000000de0a0000,0x00000000deab0000)
 ParOldGen       total 74240K, used 9933K [0x0000000093400000, 0x0000000097c80000, 0x00000000dbc00000)
  object space 74240K, 13% used [0x0000000093400000,0x0000000093db3688,0x0000000097c80000)
 PSPermGen       total 42816K, used 19372K [0x0000000088e00000, 0x000000008b7d0000, 0x0000000093400000)
  object space 42816K, 45% used [0x0000000088e00000,0x000000008a0eb348,0x000000008b7d0000)
}
Event: 1140.237 GC heap before
{Heap before GC invocations=10 (full 2):
 PSYoungGen      total 31808K, used 31804K [0x00000000dbc00000, 0x00000000deab0000, 0x0000000100000000)
  eden space 27200K, 100% used [0x00000000dbc00000,0x00000000dd690000,0x00000000dd690000)
  from space 4608K, 99% used [0x00000000dd730000,0x00000000ddbaf2e8,0x00000000ddbb0000)
  to   space 10304K, 0% used [0x00000000de0a0000,0x00000000de0a0000,0x00000000deab0000)
 ParOldGen       total 74240K, used 9933K [0x0000000093400000, 0x0000000097c80000, 0x00000000dbc00000)
  object space 74240K, 13% used [0x0000000093400000,0x0000000093db3688,0x0000000097c80000)
 PSPermGen       total 42816K, used 19498K [0x0000000088e00000, 0x000000008b7d0000, 0x0000000093400000)
  object space 42816K, 45% used [0x0000000088e00000,0x000000008a10a8a8,0x000000008b7d0000)
Event: 1140.242 GC heap after
Heap after GC invocations=10 (full 2):
 PSYoungGen      total 36096K, used 8745K [0x00000000dbc00000, 0x00000000decd0000, 0x0000000100000000)
  eden space 25792K, 0% used [0x00000000dbc00000,0x00000000dbc00000,0x00000000dd530000)
  from space 10304K, 84% used [0x00000000de0a0000,0x00000000de92a530,0x00000000deab0000)
  to   space 11712K, 0% used [0x00000000dd530000,0x00000000dd530000,0x00000000de0a0000)
 ParOldGen       total 74240K, used 9933K [0x0000000093400000, 0x0000000097c80000, 0x00000000dbc00000)
  object space 74240K, 13% used [0x0000000093400000,0x0000000093db3688,0x0000000097c80000)
 PSPermGen       total 42816K, used 19498K [0x0000000088e00000, 0x000000008b7d0000, 0x0000000093400000)
  object space 42816K, 45% used [0x0000000088e00000,0x000000008a10a8a8,0x000000008b7d0000)
}

