# JRE version: 6.0_32-b32
# Java VM: OpenJDK 64-Bit Server VM (23.25-b01 mixed mode linux-amd64 compressed oops)
Heap
 PSYoungGen      total 6144K, used 5647K [0x00000007d6f60000, 0x00000007d79b0000, 0x0000000800000000)
  eden space 5696K, 91% used [0x00000007d6f60000,0x00000007d7476458,0x00000007d74f0000)
  from space 448K, 97% used [0x00000007d74f0000,0x00000007d755db28,0x00000007d7560000)
  to   space 2432K, 0% used [0x00000007d7750000,0x00000007d7750000,0x00000007d79b0000)
 ParOldGen       total 84096K, used 19850K [0x0000000784e00000, 0x000000078a020000, 0x00000007d6f60000)
  object space 84096K, 23% used [0x0000000784e00000,0x00000007861628e8,0x000000078a020000)
 PSPermGen       total 33344K, used 19903K [0x000000077a800000, 0x000000077c890000, 0x0000000784e00000)
  object space 33344K, 59% used [0x000000077a800000,0x000000077bb6fef0,0x000000077c890000)
GC Heap History (10 events):
Event: 544737.189 GC heap before
{Heap before GC invocations=197 (full 7):
 PSYoungGen      total 7936K, used 6809K [0x00000007d6f60000, 0x00000007d7950000, 0x0000000800000000)
  eden space 5696K, 99% used [0x00000007d6f60000,0x00000007d74efd38,0x00000007d74f0000)
  from space 2240K, 49% used [0x00000007d74f0000,0x00000007d76066f8,0x00000007d7720000)
  to   space 2240K, 0% used [0x00000007d7720000,0x00000007d7720000,0x00000007d7950000)
 ParOldGen       total 84096K, used 17425K [0x0000000784e00000, 0x000000078a020000, 0x00000007d6f60000)
  object space 84096K, 20% used [0x0000000784e00000,0x0000000785f04760,0x000000078a020000)
 PSPermGen       total 35072K, used 19883K [0x000000077a800000, 0x000000077ca40000, 0x0000000784e00000)
  object space 35072K, 56% used [0x000000077a800000,0x000000077bb6ae80,0x000000077ca40000)
Event: 544737.190 GC heap after
Heap after GC invocations=197 (full 7):
 PSYoungGen      total 8000K, used 1001K [0x00000007d6f60000, 0x00000007d7a50000, 0x0000000800000000)
  eden space 5760K, 0% used [0x00000007d6f60000,0x00000007d6f60000,0x00000007d7500000)
  from space 2240K, 44% used [0x00000007d7720000,0x00000007d781a638,0x00000007d7950000)
  to   space 2176K, 0% used [0x00000007d7500000,0x00000007d7500000,0x00000007d7720000)
 ParOldGen       total 84096K, used 18439K [0x0000000784e00000, 0x000000078a020000, 0x00000007d6f60000)
  object space 84096K, 21% used [0x0000000784e00000,0x0000000786001fb0,0x000000078a020000)
 PSPermGen       total 35072K, used 19883K [0x000000077a800000, 0x000000077ca40000, 0x0000000784e00000)
  object space 35072K, 56% used [0x000000077a800000,0x000000077bb6ae80,0x000000077ca40000)
}
Event: 544753.416 GC heap before
{Heap before GC invocations=198 (full 7):
 PSYoungGen      total 8000K, used 6637K [0x00000007d6f60000, 0x00000007d7a50000, 0x0000000800000000)
  eden space 5760K, 97% used [0x00000007d6f60000,0x00000007d74e0e60,0x00000007d7500000)
  from space 2240K, 44% used [0x00000007d7720000,0x00000007d781a638,0x00000007d7950000)
  to   space 2176K, 0% used [0x00000007d7500000,0x00000007d7500000,0x00000007d7720000)
 ParOldGen       total 84096K, used 18439K [0x0000000784e00000, 0x000000078a020000, 0x00000007d6f60000)
  object space 84096K, 21% used [0x0000000784e00000,0x0000000786001fb0,0x000000078a020000)
 PSPermGen       total 35072K, used 19894K [0x000000077a800000, 0x000000077ca40000, 0x0000000784e00000)
  object space 35072K, 56% used [0x000000077a800000,0x000000077bb6d868,0x000000077ca40000)
Event: 544753.418 GC heap after
Heap after GC invocations=198 (full 7):
 PSYoungGen      total 7936K, used 1781K [0x00000007d6f60000, 0x00000007d79c0000, 0x0000000800000000)
  eden space 5760K, 0% used [0x00000007d6f60000,0x00000007d6f60000,0x00000007d7500000)
  from space 2176K, 81% used [0x00000007d7500000,0x00000007d76bd4a0,0x00000007d7720000)
  to   space 2432K, 0% used [0x00000007d7760000,0x00000007d7760000,0x00000007d79c0000)
 ParOldGen       total 84096K, used 19238K [0x0000000784e00000, 0x000000078a020000, 0x00000007d6f60000)
  object space 84096K, 22% used [0x0000000784e00000,0x00000007860c9a60,0x000000078a020000)
 PSPermGen       total 35072K, used 19894K [0x000000077a800000, 0x000000077ca40000, 0x0000000784e00000)
  object space 35072K, 56% used [0x000000077a800000,0x000000077bb6d868,0x000000077ca40000)
}
Event: 544759.564 GC heap before
{Heap before GC invocations=199 (full 7):
 PSYoungGen      total 7936K, used 5080K [0x00000007d6f60000, 0x00000007d79c0000, 0x0000000800000000)
  eden space 5760K, 57% used [0x00000007d6f60000,0x00000007d7298c40,0x00000007d7500000)
  from space 2176K, 81% used [0x00000007d7500000,0x00000007d76bd4a0,0x00000007d7720000)
  to   space 2432K, 0% used [0x00000007d7760000,0x00000007d7760000,0x00000007d79c0000)
 ParOldGen       total 84096K, used 19238K [0x0000000784e00000, 0x000000078a020000, 0x00000007d6f60000)
  object space 84096K, 22% used [0x0000000784e00000,0x00000007860c9a60,0x000000078a020000)
 PSPermGen       total 35072K, used 19896K [0x000000077a800000, 0x000000077ca40000, 0x0000000784e00000)
  object space 35072K, 56% used [0x000000077a800000,0x000000077bb6e270,0x000000077ca40000)
Event: 544759.565 GC heap after
Heap after GC invocations=199 (full 7):
 PSYoungGen      total 8128K, used 1462K [0x00000007d6f60000, 0x00000007d79e0000, 0x0000000800000000)
  eden space 5696K, 0% used [0x00000007d6f60000,0x00000007d6f60000,0x00000007d74f0000)
  from space 2432K, 60% used [0x00000007d7760000,0x00000007d78cda50,0x00000007d79c0000)
  to   space 2496K, 0% used [0x00000007d74f0000,0x00000007d74f0000,0x00000007d7760000)
 ParOldGen       total 84096K, used 21907K [0x0000000784e00000, 0x000000078a020000, 0x00000007d6f60000)
  object space 84096K, 26% used [0x0000000784e00000,0x0000000786364dd8,0x000000078a020000)
 PSPermGen       total 35072K, used 19896K [0x000000077a800000, 0x000000077ca40000, 0x0000000784e00000)
  object space 35072K, 56% used [0x000000077a800000,0x000000077bb6e270,0x000000077ca40000)
}
Event: 544759.565 GC heap before
{Heap before GC invocations=200 (full 8):
 PSYoungGen      total 8128K, used 1462K [0x00000007d6f60000, 0x00000007d79e0000, 0x0000000800000000)
  eden space 5696K, 0% used [0x00000007d6f60000,0x00000007d6f60000,0x00000007d74f0000)
  from space 2432K, 60% used [0x00000007d7760000,0x00000007d78cda50,0x00000007d79c0000)
  to   space 2496K, 0% used [0x00000007d74f0000,0x00000007d74f0000,0x00000007d7760000)
 ParOldGen       total 84096K, used 21907K [0x0000000784e00000, 0x000000078a020000, 0x00000007d6f60000)
  object space 84096K, 26% used [0x0000000784e00000,0x0000000786364dd8,0x000000078a020000)
 PSPermGen       total 35072K, used 19896K [0x000000077a800000, 0x000000077ca40000, 0x0000000784e00000)
  object space 35072K, 56% used [0x000000077a800000,0x000000077bb6e270,0x000000077ca40000)
Event: 544759.588 GC heap after
Heap after GC invocations=200 (full 8):
 PSYoungGen      total 8128K, used 0K [0x00000007d6f60000, 0x00000007d79e0000, 0x0000000800000000)
  eden space 5696K, 0% used [0x00000007d6f60000,0x00000007d6f60000,0x00000007d74f0000)
  from space 2432K, 0% used [0x00000007d7760000,0x00000007d7760000,0x00000007d79c0000)
  to   space 2496K, 0% used [0x00000007d74f0000,0x00000007d74f0000,0x00000007d7760000)
 ParOldGen       total 84096K, used 19357K [0x0000000784e00000, 0x000000078a020000, 0x00000007d6f60000)
  object space 84096K, 23% used [0x0000000784e00000,0x00000007860e7558,0x000000078a020000)
 PSPermGen       total 33344K, used 19896K [0x000000077a800000, 0x000000077c890000, 0x0000000784e00000)
  object space 33344K, 59% used [0x000000077a800000,0x000000077bb6e050,0x000000077c890000)
}
Event: 544761.766 GC heap before
{Heap before GC invocations=201 (full 8):
 PSYoungGen      total 8128K, used 5640K [0x00000007d6f60000, 0x00000007d79e0000, 0x0000000800000000)
  eden space 5696K, 99% used [0x00000007d6f60000,0x00000007d74e2020,0x00000007d74f0000)
  from space 2432K, 0% used [0x00000007d7760000,0x00000007d7760000,0x00000007d79c0000)
  to   space 2496K, 0% used [0x00000007d74f0000,0x00000007d74f0000,0x00000007d7760000)
 ParOldGen       total 84096K, used 19850K [0x0000000784e00000, 0x000000078a020000, 0x00000007d6f60000)
  object space 84096K, 23% used [0x0000000784e00000,0x00000007861628e8,0x000000078a020000)
 PSPermGen       total 33344K, used 19897K [0x000000077a800000, 0x000000077c890000, 0x0000000784e00000)
  object space 33344K, 59% used [0x000000077a800000,0x000000077bb6e700,0x000000077c890000)
Event: 544761.767 GC heap after
Heap after GC invocations=201 (full 8):
 PSYoungGen      total 6144K, used 438K [0x00000007d6f60000, 0x00000007d79b0000, 0x0000000800000000)
  eden space 5696K, 0% used [0x00000007d6f60000,0x00000007d6f60000,0x00000007d74f0000)
  from space 448K, 97% used [0x00000007d74f0000,0x00000007d755db28,0x00000007d7560000)
  to   space 2432K, 0% used [0x00000007d7750000,0x00000007d7750000,0x00000007d79b0000)
 ParOldGen       total 84096K, used 19850K [0x0000000784e00000, 0x000000078a020000, 0x00000007d6f60000)
  object space 84096K, 23% used [0x0000000784e00000,0x00000007861628e8,0x000000078a020000)
 PSPermGen       total 33344K, used 19897K [0x000000077a800000, 0x000000077c890000, 0x0000000784e00000)
  object space 33344K, 59% used [0x000000077a800000,0x000000077bb6e700,0x000000077c890000)
}

