# JRE version: 6.0_32-b32
# Java VM: OpenJDK 64-Bit Server VM (23.25-b01 mixed mode linux-amd64 compressed oops)
Heap
 PSYoungGen      total 24704K, used 21207K [0x00000000dbc00000, 0x00000000de380000, 0x0000000100000000)
  eden space 24448K, 85% used [0x00000000dbc00000,0x00000000dd075f60,0x00000000dd3e0000)
  from space 256K, 100% used [0x00000000dd470000,0x00000000dd4b0000,0x00000000dd4b0000)
  to   space 8000K, 0% used [0x00000000ddbb0000,0x00000000ddbb0000,0x00000000de380000)
 ParOldGen       total 74240K, used 12568K [0x0000000093400000, 0x0000000097c80000, 0x00000000dbc00000)
  object space 74240K, 16% used [0x0000000093400000,0x0000000094046328,0x0000000097c80000)
 PSPermGen       total 39104K, used 19412K [0x0000000088e00000, 0x000000008b430000, 0x0000000093400000)
  object space 39104K, 49% used [0x0000000088e00000,0x000000008a0f51e8,0x000000008b430000)
GC Heap History (10 events):
Event: 4341.364 GC heap before
{Heap before GC invocations=13 (full 3):
 PSYoungGen      total 26368K, used 26368K [0x00000000dbc00000, 0x00000000de6b0000, 0x0000000100000000)
  eden space 26176K, 100% used [0x00000000dbc00000,0x00000000dd590000,0x00000000dd590000)
  from space 192K, 100% used [0x00000000dd630000,0x00000000dd660000,0x00000000dd660000)
  to   space 8768K, 0% used [0x00000000dde20000,0x00000000dde20000,0x00000000de6b0000)
 ParOldGen       total 74240K, used 11714K [0x0000000093400000, 0x0000000097c80000, 0x00000000dbc00000)
  object space 74240K, 15% used [0x0000000093400000,0x0000000093f70af8,0x0000000097c80000)
 PSPermGen       total 41216K, used 19156K [0x0000000088e00000, 0x000000008b640000, 0x0000000093400000)
  object space 41216K, 46% used [0x0000000088e00000,0x000000008a0b51c0,0x000000008b640000)
Event: 4341.366 GC heap after
Heap after GC invocations=13 (full 3):
 PSYoungGen      total 33024K, used 2919K [0x00000000dbc00000, 0x00000000de560000, 0x0000000100000000)
  eden space 25600K, 0% used [0x00000000dbc00000,0x00000000dbc00000,0x00000000dd500000)
  from space 7424K, 39% used [0x00000000dde20000,0x00000000de0f9d40,0x00000000de560000)
  to   space 8384K, 0% used [0x00000000dd500000,0x00000000dd500000,0x00000000ddd30000)
 ParOldGen       total 74240K, used 11722K [0x0000000093400000, 0x0000000097c80000, 0x00000000dbc00000)
  object space 74240K, 15% used [0x0000000093400000,0x0000000093f72af8,0x0000000097c80000)
 PSPermGen       total 41216K, used 19156K [0x0000000088e00000, 0x000000008b640000, 0x0000000093400000)
  object space 41216K, 46% used [0x0000000088e00000,0x000000008a0b51c0,0x000000008b640000)
}
Event: 9417.101 GC heap before
{Heap before GC invocations=14 (full 3):
 PSYoungGen      total 33024K, used 28519K [0x00000000dbc00000, 0x00000000de560000, 0x0000000100000000)
  eden space 25600K, 100% used [0x00000000dbc00000,0x00000000dd500000,0x00000000dd500000)
  from space 7424K, 39% used [0x00000000dde20000,0x00000000de0f9d40,0x00000000de560000)
  to   space 8384K, 0% used [0x00000000dd500000,0x00000000dd500000,0x00000000ddd30000)
 ParOldGen       total 74240K, used 11722K [0x0000000093400000, 0x0000000097c80000, 0x00000000dbc00000)
  object space 74240K, 15% used [0x0000000093400000,0x0000000093f72af8,0x0000000097c80000)
 PSPermGen       total 41216K, used 19156K [0x0000000088e00000, 0x000000008b640000, 0x0000000093400000)
  object space 41216K, 46% used [0x0000000088e00000,0x000000008a0b53c0,0x000000008b640000)
Event: 9417.103 GC heap after
Heap after GC invocations=14 (full 3):
 PSYoungGen      total 26752K, used 1677K [0x00000000dbc00000, 0x00000000de470000, 0x0000000100000000)
  eden space 25024K, 0% used [0x00000000dbc00000,0x00000000dbc00000,0x00000000dd470000)
  from space 1728K, 97% used [0x00000000dd500000,0x00000000dd6a3650,0x00000000dd6b0000)
  to   space 8192K, 0% used [0x00000000ddc70000,0x00000000ddc70000,0x00000000de470000)
 ParOldGen       total 74240K, used 11722K [0x0000000093400000, 0x0000000097c80000, 0x00000000dbc00000)
  object space 74240K, 15% used [0x0000000093400000,0x0000000093f72af8,0x0000000097c80000)
 PSPermGen       total 41216K, used 19156K [0x0000000088e00000, 0x000000008b640000, 0x0000000093400000)
  object space 41216K, 46% used [0x0000000088e00000,0x000000008a0b53c0,0x000000008b640000)
}
Event: 9547.766 GC heap before
{Heap before GC invocations=15 (full 3):
 PSYoungGen      total 26752K, used 17553K [0x00000000dbc00000, 0x00000000de470000, 0x0000000100000000)
  eden space 25024K, 63% used [0x00000000dbc00000,0x00000000dcb81120,0x00000000dd470000)
  from space 1728K, 97% used [0x00000000dd500000,0x00000000dd6a3650,0x00000000dd6b0000)
  to   space 8192K, 0% used [0x00000000ddc70000,0x00000000ddc70000,0x00000000de470000)
 ParOldGen       total 74240K, used 11722K [0x0000000093400000, 0x0000000097c80000, 0x00000000dbc00000)
  object space 74240K, 15% used [0x0000000093400000,0x0000000093f72af8,0x0000000097c80000)
 PSPermGen       total 41216K, used 19254K [0x0000000088e00000, 0x000000008b640000, 0x0000000093400000)
  object space 41216K, 46% used [0x0000000088e00000,0x000000008a0cdbb0,0x000000008b640000)
Event: 9547.768 GC heap after
Heap after GC invocations=15 (full 3):
 PSYoungGen      total 32832K, used 1440K [0x00000000dbc00000, 0x00000000de410000, 0x0000000100000000)
  eden space 25024K, 0% used [0x00000000dbc00000,0x00000000dbc00000,0x00000000dd470000)
  from space 7808K, 18% used [0x00000000ddc70000,0x00000000dddd81c0,0x00000000de410000)
  to   space 8000K, 0% used [0x00000000dd470000,0x00000000dd470000,0x00000000ddc40000)
 ParOldGen       total 74240K, used 13053K [0x0000000093400000, 0x0000000097c80000, 0x00000000dbc00000)
  object space 74240K, 17% used [0x0000000093400000,0x00000000940bf6c8,0x0000000097c80000)
 PSPermGen       total 41216K, used 19254K [0x0000000088e00000, 0x000000008b640000, 0x0000000093400000)
  object space 41216K, 46% used [0x0000000088e00000,0x000000008a0cdbb0,0x000000008b640000)
}
Event: 9547.768 GC heap before
{Heap before GC invocations=16 (full 4):
 PSYoungGen      total 32832K, used 1440K [0x00000000dbc00000, 0x00000000de410000, 0x0000000100000000)
  eden space 25024K, 0% used [0x00000000dbc00000,0x00000000dbc00000,0x00000000dd470000)
  from space 7808K, 18% used [0x00000000ddc70000,0x00000000dddd81c0,0x00000000de410000)
  to   space 8000K, 0% used [0x00000000dd470000,0x00000000dd470000,0x00000000ddc40000)
 ParOldGen       total 74240K, used 13053K [0x0000000093400000, 0x0000000097c80000, 0x00000000dbc00000)
  object space 74240K, 17% used [0x0000000093400000,0x00000000940bf6c8,0x0000000097c80000)
 PSPermGen       total 41216K, used 19254K [0x0000000088e00000, 0x000000008b640000, 0x0000000093400000)
  object space 41216K, 46% used [0x0000000088e00000,0x000000008a0cdbb0,0x000000008b640000)
Event: 9547.809 GC heap after
Heap after GC invocations=16 (full 4):
 PSYoungGen      total 32832K, used 0K [0x00000000dbc00000, 0x00000000de410000, 0x0000000100000000)
  eden space 25024K, 0% used [0x00000000dbc00000,0x00000000dbc00000,0x00000000dd470000)
  from space 7808K, 0% used [0x00000000ddc70000,0x00000000ddc70000,0x00000000de410000)
  to   space 8000K, 0% used [0x00000000dd470000,0x00000000dd470000,0x00000000ddc40000)
 ParOldGen       total 74240K, used 12568K [0x0000000093400000, 0x0000000097c80000, 0x00000000dbc00000)
  object space 74240K, 16% used [0x0000000093400000,0x0000000094046328,0x0000000097c80000)
 PSPermGen       total 39104K, used 19251K [0x0000000088e00000, 0x000000008b430000, 0x0000000093400000)
  object space 39104K, 49% used [0x0000000088e00000,0x000000008a0cce20,0x000000008b430000)
}
Event: 9557.584 GC heap before
{Heap before GC invocations=17 (full 4):
 PSYoungGen      total 32832K, used 25024K [0x00000000dbc00000, 0x00000000de410000, 0x0000000100000000)
  eden space 25024K, 100% used [0x00000000dbc00000,0x00000000dd470000,0x00000000dd470000)
  from space 7808K, 0% used [0x00000000ddc70000,0x00000000ddc70000,0x00000000de410000)
  to   space 8000K, 0% used [0x00000000dd470000,0x00000000dd470000,0x00000000ddc40000)
 ParOldGen       total 74240K, used 12568K [0x0000000093400000, 0x0000000097c80000, 0x00000000dbc00000)
  object space 74240K, 16% used [0x0000000093400000,0x0000000094046328,0x0000000097c80000)
 PSPermGen       total 39104K, used 19253K [0x0000000088e00000, 0x000000008b430000, 0x0000000093400000)
  object space 39104K, 49% used [0x0000000088e00000,0x000000008a0cd7c8,0x000000008b430000)
Event: 9557.585 GC heap after
Heap after GC invocations=17 (full 4):
 PSYoungGen      total 24704K, used 256K [0x00000000dbc00000, 0x00000000de380000, 0x0000000100000000)
  eden space 24448K, 0% used [0x00000000dbc00000,0x00000000dbc00000,0x00000000dd3e0000)
  from space 256K, 100% used [0x00000000dd470000,0x00000000dd4b0000,0x00000000dd4b0000)
  to   space 8000K, 0% used [0x00000000ddbb0000,0x00000000ddbb0000,0x00000000de380000)
 ParOldGen       total 74240K, used 12568K [0x0000000093400000, 0x0000000097c80000, 0x00000000dbc00000)
  object space 74240K, 16% used [0x0000000093400000,0x0000000094046328,0x0000000097c80000)
 PSPermGen       total 39104K, used 19253K [0x0000000088e00000, 0x000000008b430000, 0x0000000093400000)
  object space 39104K, 49% used [0x0000000088e00000,0x000000008a0cd7c8,0x000000008b430000)
}

