# JRE version: 6.0_32-b32
# Java VM: OpenJDK 64-Bit Server VM (23.25-b01 mixed mode linux-amd64 compressed oops)
Heap
 PSYoungGen      total 19520K, used 6158K [0x00000000dbc00000, 0x00000000dd280000, 0x0000000100000000)
  eden space 17024K, 34% used [0x00000000dbc00000,0x00000000dc1cbb58,0x00000000dcca0000)
  from space 2496K, 8% used [0x00000000dd010000,0x00000000dd048020,0x00000000dd280000)
  to   space 3008K, 0% used [0x00000000dcca0000,0x00000000dcca0000,0x00000000dcf90000)
 ParOldGen       total 74240K, used 14827K [0x0000000093400000, 0x0000000097c80000, 0x00000000dbc00000)
  object space 74240K, 19% used [0x0000000093400000,0x000000009427af90,0x0000000097c80000)
 PSPermGen       total 33344K, used 20178K [0x0000000088e00000, 0x000000008ae90000, 0x0000000093400000)
  object space 33344K, 60% used [0x0000000088e00000,0x000000008a1b4a70,0x000000008ae90000)
GC Heap History (10 events):
Event: 65092.035 GC heap before
{Heap before GC invocations=40 (full 7):
 PSYoungGen      total 20992K, used 17425K [0x00000000dbc00000, 0x00000000dd490000, 0x0000000100000000)
  eden space 17984K, 96% used [0x00000000dbc00000,0x00000000dccfc720,0x00000000dcd90000)
  from space 3008K, 1% used [0x00000000dd1a0000,0x00000000dd1a8000,0x00000000dd490000)
  to   space 3584K, 0% used [0x00000000dcd90000,0x00000000dcd90000,0x00000000dd110000)
 ParOldGen       total 74240K, used 17770K [0x0000000093400000, 0x0000000097c80000, 0x00000000dbc00000)
  object space 74240K, 23% used [0x0000000093400000,0x000000009455aa00,0x0000000097c80000)
 PSPermGen       total 35584K, used 20172K [0x0000000088e00000, 0x000000008b0c0000, 0x0000000093400000)
  object space 35584K, 56% used [0x0000000088e00000,0x000000008a1b3048,0x000000008b0c0000)
Event: 65092.036 GC heap after
Heap after GC invocations=40 (full 7):
 PSYoungGen      total 18176K, used 128K [0x00000000dbc00000, 0x00000000dd410000, 0x0000000100000000)
  eden space 17984K, 0% used [0x00000000dbc00000,0x00000000dbc00000,0x00000000dcd90000)
  from space 192K, 66% used [0x00000000dcd90000,0x00000000dcdb0158,0x00000000dcdc0000)
  to   space 3328K, 0% used [0x00000000dd0d0000,0x00000000dd0d0000,0x00000000dd410000)
 ParOldGen       total 74240K, used 17770K [0x0000000093400000, 0x0000000097c80000, 0x00000000dbc00000)
  object space 74240K, 23% used [0x0000000093400000,0x000000009455aa00,0x0000000097c80000)
 PSPermGen       total 35584K, used 20172K [0x0000000088e00000, 0x000000008b0c0000, 0x0000000093400000)
  object space 35584K, 56% used [0x0000000088e00000,0x000000008a1b3048,0x000000008b0c0000)
}
Event: 65092.036 GC heap before
{Heap before GC invocations=41 (full 8):
 PSYoungGen      total 18176K, used 128K [0x00000000dbc00000, 0x00000000dd410000, 0x0000000100000000)
  eden space 17984K, 0% used [0x00000000dbc00000,0x00000000dbc00000,0x00000000dcd90000)
  from space 192K, 66% used [0x00000000dcd90000,0x00000000dcdb0158,0x00000000dcdc0000)
  to   space 3328K, 0% used [0x00000000dd0d0000,0x00000000dd0d0000,0x00000000dd410000)
 ParOldGen       total 74240K, used 17770K [0x0000000093400000, 0x0000000097c80000, 0x00000000dbc00000)
  object space 74240K, 23% used [0x0000000093400000,0x000000009455aa00,0x0000000097c80000)
 PSPermGen       total 35584K, used 20172K [0x0000000088e00000, 0x000000008b0c0000, 0x0000000093400000)
  object space 35584K, 56% used [0x0000000088e00000,0x000000008a1b3048,0x000000008b0c0000)
Event: 65092.111 GC heap after
Heap after GC invocations=41 (full 8):
 PSYoungGen      total 18176K, used 0K [0x00000000dbc00000, 0x00000000dd410000, 0x0000000100000000)
  eden space 17984K, 0% used [0x00000000dbc00000,0x00000000dbc00000,0x00000000dcd90000)
  from space 192K, 0% used [0x00000000dcd90000,0x00000000dcd90000,0x00000000dcdc0000)
  to   space 3328K, 0% used [0x00000000dd0d0000,0x00000000dd0d0000,0x00000000dd410000)
 ParOldGen       total 74240K, used 13363K [0x0000000093400000, 0x0000000097c80000, 0x00000000dbc00000)
  object space 74240K, 18% used [0x0000000093400000,0x000000009410ce20,0x0000000097c80000)
 PSPermGen       total 33344K, used 20165K [0x0000000088e00000, 0x000000008ae90000, 0x0000000093400000)
  object space 33344K, 60% used [0x0000000088e00000,0x000000008a1b17f8,0x000000008ae90000)
}
Event: 65102.173 GC heap before
{Heap before GC invocations=42 (full 8):
 PSYoungGen      total 18176K, used 17984K [0x00000000dbc00000, 0x00000000dd410000, 0x0000000100000000)
  eden space 17984K, 100% used [0x00000000dbc00000,0x00000000dcd90000,0x00000000dcd90000)
  from space 192K, 0% used [0x00000000dcd90000,0x00000000dcd90000,0x00000000dcdc0000)
  to   space 3328K, 0% used [0x00000000dd0d0000,0x00000000dd0d0000,0x00000000dd410000)
 ParOldGen       total 74240K, used 13363K [0x0000000093400000, 0x0000000097c80000, 0x00000000dbc00000)
  object space 74240K, 18% used [0x0000000093400000,0x000000009410ce20,0x0000000097c80000)
 PSPermGen       total 33344K, used 20168K [0x0000000088e00000, 0x000000008ae90000, 0x0000000093400000)
  object space 33344K, 60% used [0x0000000088e00000,0x000000008a1b22d8,0x000000008ae90000)
Event: 65102.174 GC heap after
Heap after GC invocations=42 (full 8):
 PSYoungGen      total 20160K, used 184K [0x00000000dbc00000, 0x00000000dd340000, 0x0000000100000000)
  eden space 17664K, 0% used [0x00000000dbc00000,0x00000000dbc00000,0x00000000dcd40000)
  from space 2496K, 7% used [0x00000000dd0d0000,0x00000000dd0fe368,0x00000000dd340000)
  to   space 3072K, 0% used [0x00000000dcd40000,0x00000000dcd40000,0x00000000dd040000)
 ParOldGen       total 74240K, used 13363K [0x0000000093400000, 0x0000000097c80000, 0x00000000dbc00000)
  object space 74240K, 18% used [0x0000000093400000,0x000000009410ce20,0x0000000097c80000)
 PSPermGen       total 33344K, used 20168K [0x0000000088e00000, 0x000000008ae90000, 0x0000000093400000)
  object space 33344K, 60% used [0x0000000088e00000,0x000000008a1b22d8,0x000000008ae90000)
}
Event: 65118.101 GC heap before
{Heap before GC invocations=43 (full 8):
 PSYoungGen      total 20160K, used 13894K [0x00000000dbc00000, 0x00000000dd340000, 0x0000000100000000)
  eden space 17664K, 77% used [0x00000000dbc00000,0x00000000dc9635f8,0x00000000dcd40000)
  from space 2496K, 7% used [0x00000000dd0d0000,0x00000000dd0fe368,0x00000000dd340000)
  to   space 3072K, 0% used [0x00000000dcd40000,0x00000000dcd40000,0x00000000dd040000)
 ParOldGen       total 74240K, used 13363K [0x0000000093400000, 0x0000000097c80000, 0x00000000dbc00000)
  object space 74240K, 18% used [0x0000000093400000,0x000000009410ce20,0x0000000097c80000)
 PSPermGen       total 33344K, used 20173K [0x0000000088e00000, 0x000000008ae90000, 0x0000000093400000)
  object space 33344K, 60% used [0x0000000088e00000,0x000000008a1b3490,0x000000008ae90000)
Event: 65118.103 GC heap after
Heap after GC invocations=43 (full 8):
 PSYoungGen      total 18880K, used 1515K [0x00000000dbc00000, 0x00000000dd330000, 0x0000000100000000)
  eden space 17344K, 0% used [0x00000000dbc00000,0x00000000dbc00000,0x00000000dccf0000)
  from space 1536K, 98% used [0x00000000dcd40000,0x00000000dcebaea8,0x00000000dcec0000)
  to   space 3200K, 0% used [0x00000000dd010000,0x00000000dd010000,0x00000000dd330000)
 ParOldGen       total 74240K, used 13426K [0x0000000093400000, 0x0000000097c80000, 0x00000000dbc00000)
  object space 74240K, 18% used [0x0000000093400000,0x000000009411c898,0x0000000097c80000)
 PSPermGen       total 33344K, used 20173K [0x0000000088e00000, 0x000000008ae90000, 0x0000000093400000)
  object space 33344K, 60% used [0x0000000088e00000,0x000000008a1b3490,0x000000008ae90000)
}
Event: 65128.352 GC heap before
{Heap before GC invocations=44 (full 8):
 PSYoungGen      total 18880K, used 18859K [0x00000000dbc00000, 0x00000000dd330000, 0x0000000100000000)
  eden space 17344K, 100% used [0x00000000dbc00000,0x00000000dccf0000,0x00000000dccf0000)
  from space 1536K, 98% used [0x00000000dcd40000,0x00000000dcebaea8,0x00000000dcec0000)
  to   space 3200K, 0% used [0x00000000dd010000,0x00000000dd010000,0x00000000dd330000)
 ParOldGen       total 74240K, used 13426K [0x0000000093400000, 0x0000000097c80000, 0x00000000dbc00000)
  object space 74240K, 18% used [0x0000000093400000,0x000000009411c898,0x0000000097c80000)
 PSPermGen       total 33344K, used 20173K [0x0000000088e00000, 0x000000008ae90000, 0x0000000093400000)
  object space 33344K, 60% used [0x0000000088e00000,0x000000008a1b3758,0x000000008ae90000)
Event: 65128.354 GC heap after
Heap after GC invocations=44 (full 8):
 PSYoungGen      total 19520K, used 224K [0x00000000dbc00000, 0x00000000dd280000, 0x0000000100000000)
  eden space 17024K, 0% used [0x00000000dbc00000,0x00000000dbc00000,0x00000000dcca0000)
  from space 2496K, 8% used [0x00000000dd010000,0x00000000dd048020,0x00000000dd280000)
  to   space 3008K, 0% used [0x00000000dcca0000,0x00000000dcca0000,0x00000000dcf90000)
 ParOldGen       total 74240K, used 14827K [0x0000000093400000, 0x0000000097c80000, 0x00000000dbc00000)
  object space 74240K, 19% used [0x0000000093400000,0x000000009427af90,0x0000000097c80000)
 PSPermGen       total 33344K, used 20173K [0x0000000088e00000, 0x000000008ae90000, 0x0000000093400000)
  object space 33344K, 60% used [0x0000000088e00000,0x000000008a1b3758,0x000000008ae90000)
}

