# JRE version: 6.0_31-b31
# Java VM: OpenJDK 64-Bit Server VM (23.25-b01 mixed mode linux-amd64 compressed oops)
Heap
 PSYoungGen      total 8896K, used 7976K [0x00000000eba00000, 0x00000000ec760000, 0x0000000100000000)
  eden space 8704K, 89% used [0x00000000eba00000,0x00000000ec19e310,0x00000000ec280000)
  from space 192K, 91% used [0x00000000ec2a0000,0x00000000ec2cc010,0x00000000ec2d0000)
  to   space 2496K, 0% used [0x00000000ec4f0000,0x00000000ec4f0000,0x00000000ec760000)
 ParOldGen       total 41728K, used 16503K [0x00000000c2e00000, 0x00000000c56c0000, 0x00000000eba00000)
  object space 41728K, 39% used [0x00000000c2e00000,0x00000000c3e1dc50,0x00000000c56c0000)
 PSPermGen       total 26880K, used 20064K [0x00000000b8800000, 0x00000000ba240000, 0x00000000c2e00000)
  object space 26880K, 74% used [0x00000000b8800000,0x00000000b9b98148,0x00000000ba240000)
GC Heap History (10 events):
Event: 13021.669 GC heap before
{Heap before GC invocations=56 (full 12):
 PSYoungGen      total 9216K, used 9184K [0x00000000eba00000, 0x00000000ec8e0000, 0x0000000100000000)
  eden space 9088K, 100% used [0x00000000eba00000,0x00000000ec2e0000,0x00000000ec2e0000)
  from space 128K, 75% used [0x00000000ec300000,0x00000000ec318000,0x00000000ec320000)
  to   space 3072K, 0% used [0x00000000ec5e0000,0x00000000ec5e0000,0x00000000ec8e0000)
 ParOldGen       total 41728K, used 16821K [0x00000000c2e00000, 0x00000000c56c0000, 0x00000000eba00000)
  object space 41728K, 40% used [0x00000000c2e00000,0x00000000c3e6d620,0x00000000c56c0000)
 PSPermGen       total 27520K, used 19984K [0x00000000b8800000, 0x00000000ba2e0000, 0x00000000c2e00000)
  object space 27520K, 72% used [0x00000000b8800000,0x00000000b9b84080,0x00000000ba2e0000)
Event: 13021.671 GC heap after
Heap after GC invocations=56 (full 12):
 PSYoungGen      total 11648K, used 128K [0x00000000eba00000, 0x00000000ec880000, 0x0000000100000000)
  eden space 8960K, 0% used [0x00000000eba00000,0x00000000eba00000,0x00000000ec2c0000)
  from space 2688K, 4% used [0x00000000ec5e0000,0x00000000ec600000,0x00000000ec880000)
  to   space 2944K, 0% used [0x00000000ec2c0000,0x00000000ec2c0000,0x00000000ec5a0000)
 ParOldGen       total 41728K, used 16829K [0x00000000c2e00000, 0x00000000c56c0000, 0x00000000eba00000)
  object space 41728K, 40% used [0x00000000c2e00000,0x00000000c3e6f620,0x00000000c56c0000)
 PSPermGen       total 27520K, used 19984K [0x00000000b8800000, 0x00000000ba2e0000, 0x00000000c2e00000)
  object space 27520K, 72% used [0x00000000b8800000,0x00000000b9b84080,0x00000000ba2e0000)
}
Event: 13059.566 GC heap before
{Heap before GC invocations=57 (full 12):
 PSYoungGen      total 11648K, used 1732K [0x00000000eba00000, 0x00000000ec880000, 0x0000000100000000)
  eden space 8960K, 17% used [0x00000000eba00000,0x00000000ebb91168,0x00000000ec2c0000)
  from space 2688K, 4% used [0x00000000ec5e0000,0x00000000ec600000,0x00000000ec880000)
  to   space 2944K, 0% used [0x00000000ec2c0000,0x00000000ec2c0000,0x00000000ec5a0000)
 ParOldGen       total 41728K, used 16829K [0x00000000c2e00000, 0x00000000c56c0000, 0x00000000eba00000)
  object space 41728K, 40% used [0x00000000c2e00000,0x00000000c3e6f620,0x00000000c56c0000)
 PSPermGen       total 27520K, used 20060K [0x00000000b8800000, 0x00000000ba2e0000, 0x00000000c2e00000)
  object space 27520K, 72% used [0x00000000b8800000,0x00000000b9b972b8,0x00000000ba2e0000)
Event: 13059.568 GC heap after
Heap after GC invocations=57 (full 12):
 PSYoungGen      total 9408K, used 439K [0x00000000eba00000, 0x00000000ec820000, 0x0000000100000000)
  eden space 8960K, 0% used [0x00000000eba00000,0x00000000eba00000,0x00000000ec2c0000)
  from space 448K, 98% used [0x00000000ec2c0000,0x00000000ec32dd78,0x00000000ec330000)
  to   space 2752K, 0% used [0x00000000ec570000,0x00000000ec570000,0x00000000ec820000)
 ParOldGen       total 41728K, used 16909K [0x00000000c2e00000, 0x00000000c56c0000, 0x00000000eba00000)
  object space 41728K, 40% used [0x00000000c2e00000,0x00000000c3e83620,0x00000000c56c0000)
 PSPermGen       total 27520K, used 20060K [0x00000000b8800000, 0x00000000ba2e0000, 0x00000000c2e00000)
  object space 27520K, 72% used [0x00000000b8800000,0x00000000b9b972b8,0x00000000ba2e0000)
}
Event: 13059.568 GC heap before
{Heap before GC invocations=58 (full 13):
 PSYoungGen      total 9408K, used 439K [0x00000000eba00000, 0x00000000ec820000, 0x0000000100000000)
  eden space 8960K, 0% used [0x00000000eba00000,0x00000000eba00000,0x00000000ec2c0000)
  from space 448K, 98% used [0x00000000ec2c0000,0x00000000ec32dd78,0x00000000ec330000)
  to   space 2752K, 0% used [0x00000000ec570000,0x00000000ec570000,0x00000000ec820000)
 ParOldGen       total 41728K, used 16909K [0x00000000c2e00000, 0x00000000c56c0000, 0x00000000eba00000)
  object space 41728K, 40% used [0x00000000c2e00000,0x00000000c3e83620,0x00000000c56c0000)
 PSPermGen       total 27520K, used 20060K [0x00000000b8800000, 0x00000000ba2e0000, 0x00000000c2e00000)
  object space 27520K, 72% used [0x00000000b8800000,0x00000000b9b972b8,0x00000000ba2e0000)
Event: 13059.721 GC heap after
Heap after GC invocations=58 (full 13):
 PSYoungGen      total 9408K, used 0K [0x00000000eba00000, 0x00000000ec820000, 0x0000000100000000)
  eden space 8960K, 0% used [0x00000000eba00000,0x00000000eba00000,0x00000000ec2c0000)
  from space 448K, 0% used [0x00000000ec2c0000,0x00000000ec2c0000,0x00000000ec330000)
  to   space 2752K, 0% used [0x00000000ec570000,0x00000000ec570000,0x00000000ec820000)
 ParOldGen       total 41728K, used 16487K [0x00000000c2e00000, 0x00000000c56c0000, 0x00000000eba00000)
  object space 41728K, 39% used [0x00000000c2e00000,0x00000000c3e19c50,0x00000000c56c0000)
 PSPermGen       total 26880K, used 20060K [0x00000000b8800000, 0x00000000ba240000, 0x00000000c2e00000)
  object space 26880K, 74% used [0x00000000b8800000,0x00000000b9b97210,0x00000000ba240000)
}
Event: 13069.427 GC heap before
{Heap before GC invocations=59 (full 13):
 PSYoungGen      total 9408K, used 8960K [0x00000000eba00000, 0x00000000ec820000, 0x0000000100000000)
  eden space 8960K, 100% used [0x00000000eba00000,0x00000000ec2c0000,0x00000000ec2c0000)
  from space 448K, 0% used [0x00000000ec2c0000,0x00000000ec2c0000,0x00000000ec330000)
  to   space 2752K, 0% used [0x00000000ec570000,0x00000000ec570000,0x00000000ec820000)
 ParOldGen       total 41728K, used 16487K [0x00000000c2e00000, 0x00000000c56c0000, 0x00000000eba00000)
  object space 41728K, 39% used [0x00000000c2e00000,0x00000000c3e19c50,0x00000000c56c0000)
 PSPermGen       total 26880K, used 20061K [0x00000000b8800000, 0x00000000ba240000, 0x00000000c2e00000)
  object space 26880K, 74% used [0x00000000b8800000,0x00000000b9b974c8,0x00000000ba240000)
Event: 13069.428 GC heap after
Heap after GC invocations=59 (full 13):
 PSYoungGen      total 11200K, used 96K [0x00000000eba00000, 0x00000000ec7c0000, 0x0000000100000000)
  eden space 8832K, 0% used [0x00000000eba00000,0x00000000eba00000,0x00000000ec2a0000)
  from space 2368K, 4% used [0x00000000ec570000,0x00000000ec588000,0x00000000ec7c0000)
  to   space 2624K, 0% used [0x00000000ec2a0000,0x00000000ec2a0000,0x00000000ec530000)
 ParOldGen       total 41728K, used 16487K [0x00000000c2e00000, 0x00000000c56c0000, 0x00000000eba00000)
  object space 41728K, 39% used [0x00000000c2e00000,0x00000000c3e19c50,0x00000000c56c0000)
 PSPermGen       total 26880K, used 20061K [0x00000000b8800000, 0x00000000ba240000, 0x00000000c2e00000)
  object space 26880K, 74% used [0x00000000b8800000,0x00000000b9b974c8,0x00000000ba240000)
}
Event: 13070.252 GC heap before
{Heap before GC invocations=60 (full 13):
 PSYoungGen      total 11200K, used 8928K [0x00000000eba00000, 0x00000000ec7c0000, 0x0000000100000000)
  eden space 8832K, 100% used [0x00000000eba00000,0x00000000ec2a0000,0x00000000ec2a0000)
  from space 2368K, 4% used [0x00000000ec570000,0x00000000ec588000,0x00000000ec7c0000)
  to   space 2624K, 0% used [0x00000000ec2a0000,0x00000000ec2a0000,0x00000000ec530000)
 ParOldGen       total 41728K, used 16487K [0x00000000c2e00000, 0x00000000c56c0000, 0x00000000eba00000)
  object space 41728K, 39% used [0x00000000c2e00000,0x00000000c3e19c50,0x00000000c56c0000)
 PSPermGen       total 26880K, used 20063K [0x00000000b8800000, 0x00000000ba240000, 0x00000000c2e00000)
  object space 26880K, 74% used [0x00000000b8800000,0x00000000b9b97ea8,0x00000000ba240000)
Event: 13070.254 GC heap after
Heap after GC invocations=60 (full 13):
 PSYoungGen      total 8896K, used 176K [0x00000000eba00000, 0x00000000ec760000, 0x0000000100000000)
  eden space 8704K, 0% used [0x00000000eba00000,0x00000000eba00000,0x00000000ec280000)
  from space 192K, 91% used [0x00000000ec2a0000,0x00000000ec2cc010,0x00000000ec2d0000)
  to   space 2496K, 0% used [0x00000000ec4f0000,0x00000000ec4f0000,0x00000000ec760000)
 ParOldGen       total 41728K, used 16503K [0x00000000c2e00000, 0x00000000c56c0000, 0x00000000eba00000)
  object space 41728K, 39% used [0x00000000c2e00000,0x00000000c3e1dc50,0x00000000c56c0000)
 PSPermGen       total 26880K, used 20063K [0x00000000b8800000, 0x00000000ba240000, 0x00000000c2e00000)
  object space 26880K, 74% used [0x00000000b8800000,0x00000000b9b97ea8,0x00000000ba240000)
}

